2025-06-30 19:16:14,571 - pyswarms.single.global_best - INFO - Optimize for 30 iters with {'c1': 1.5, 'c2': 1.5, 'w': 0.5}
2025-06-30 19:16:39,322 - pyswarms.single.global_best - INFO - Optimize for 30 iters with {'c1': 1.5, 'c2': 1.5, 'w': 0.5}
2025-06-30 19:17:36,063 - pyswarms.single.global_best - INFO - Optimize for 30 iters with {'c1': 1.5, 'c2': 1.5, 'w': 0.5}
2025-06-30 19:19:54,640 - pyswarms.single.global_best - INFO - Optimize for 30 iters with {'c1': 1.5, 'c2': 1.5, 'w': 0.5}
2025-06-30 19:20:25,695 - pyswarms.single.global_best - INFO - Optimize for 30 iters with {'c1': 1.5, 'c2': 1.5, 'w': 0.5}
2025-06-30 19:21:13,312 - pyswarms.single.global_best - INFO - Optimize for 30 iters with {'c1': 1.5, 'c2': 1.5, 'w': 0.5}
2025-06-30 19:21:24,562 - pyswarms.single.global_best - INFO - Optimize for 30 iters with {'c1': 1.5, 'c2': 1.5, 'w': 0.5}
2025-06-30 19:21:35,559 - pyswarms.single.global_best - INFO - Optimization finished | best cost: 4.729985517336629e+21, best pos: [488553.83106902 587609.78397993 485094.56039406 487854.30437773
 485361.41247478 488752.939271   482656.08992836 489077.56705158
 490269.88997063 484166.79560702 489719.15480685 486104.14533481
 695117.04189258 667876.44545454 604138.49286925 625478.16063087
 677947.81883385 667049.44157151 652627.55941779 639322.44988295
 560226.83895945 693868.08181946]
2025-06-30 19:21:41,569 - pyswarms.single.global_best - INFO - Optimize for 30 iters with {'c1': 1.5, 'c2': 1.5, 'w': 0.5}
2025-06-30 19:22:19,019 - pyswarms.single.global_best - INFO - Optimization finished | best cost: 1.136456665949649e+21, best pos: [485641.39071423 566159.37138379 486502.19277731 482844.70480924
 486892.37396244 487997.93201103 488239.86562822 490175.19899989
 488524.25161727 486041.75840156 488940.09869173 487736.73362272
 616516.81139753 669710.45716274 647904.10704947 722565.3046608
 698828.62111944 702326.69469704 658201.28660141 697313.45361123
 680870.51160866 703719.2212462 ]
